<?xml version="1.0" encoding="utf-8"?><testsuites name="pytest tests"><testsuite name="pytest" errors="0" failures="0" skipped="0" tests="12" time="4.913" timestamp="2026-06-28T20:53:29.476215+00:00" hostname="agent-env-43062f40-4ac6-412b-9a4b-e2b3ff7e5c95"><testcase classname="backend.tests.test_iteration17_desktop.TestDesktopMe" name="test_me_valid_token" time="0.177" /><testcase classname="backend.tests.test_iteration17_desktop.TestDesktopMe" name="test_me_invalid_token" time="0.104" /><testcase classname="backend.tests.test_iteration17_desktop.TestDesktopMe" name="test_me_missing_auth" time="0.109" /><testcase classname="backend.tests.test_iteration17_desktop.TestDesktopConversation" name="test_conversation_first_call_creates_empty" time="0.101" /><testcase classname="backend.tests.test_iteration17_desktop.TestDesktopChat" name="test_chat_persists_pair_and_shares_conversation" time="1.734" /><testcase classname="backend.tests.test_iteration17_desktop.TestDesktopCaptureAndMemories" name="test_capture_and_recent_isolation" time="0.291" /><testcase classname="backend.tests.test_iteration17_desktop.TestDesktopAvatarTalkRegistration" name="test_openapi_has_avatar_talk_endpoints" time="0.005" /><testcase classname="backend.tests.test_iteration17_desktop.TestBuildDesktopZip" name="test_zip_structure_and_token_injection" time="1.958" /><testcase classname="backend.tests.test_iteration17_desktop.TestDesktopPackageEndpoint" name="test_unauth_returns_401" time="0.103" /><testcase classname="backend.tests.test_iteration17_desktop.TestDesktopPackageEndpoint" name="test_auth_owner_returns_zip" time="0.107" /><testcase classname="backend.tests.test_iteration17_desktop.TestDesktopPackageEndpoint" name="test_cross_user_token_returns_404" time="0.121" /><testcase classname="backend.tests.test_iteration17_desktop.TestDesktopAppSyntax" name="test_all_python_files_compile" time="0.009" /></testsuite></testsuites>