<?xml version="1.0" encoding="utf-8"?><testsuites name="pytest tests"><testsuite name="pytest" errors="0" failures="0" skipped="0" tests="11" time="4.610" timestamp="2026-06-29T06:30:59.657091+00:00" hostname="agent-env-43062f40-4ac6-412b-9a4b-e2b3ff7e5c95"><testcase classname="tests.test_iteration19_voice_speak.TestVoiceStatus" name="test_status_no_voice_configured" time="0.216" /><testcase classname="tests.test_iteration19_voice_speak.TestVoiceStatus" name="test_status_voice_configured_with_user_key" time="0.098" /><testcase classname="tests.test_iteration19_voice_speak.TestVoiceStatus" name="test_status_missing_auth_returns_401" time="0.110" /><testcase classname="tests.test_iteration19_voice_speak.TestVoiceStatus" name="test_status_configured_via_env_only" time="0.108" /><testcase classname="tests.test_iteration19_voice_speak.TestSpeakNegatives" name="test_speak_missing_auth_401" time="0.135" /><testcase classname="tests.test_iteration19_voice_speak.TestSpeakNegatives" name="test_speak_no_voice_returns_400" time="0.096" /><testcase classname="tests.test_iteration19_voice_speak.TestSpeakNegatives" name="test_speak_empty_text_422" time="0.143" /><testcase classname="tests.test_iteration19_voice_speak.TestSpeakNegatives" name="test_speak_text_too_long_422" time="0.099" /><testcase classname="tests.test_iteration19_voice_speak.TestSpeakLive" name="test_speak_live_elevenlabs" time="1.509" /><testcase classname="tests.test_iteration19_voice_speak.TestDesktopZipExePipeline" name="test_zip_contains_spec_and_bat_at_root" time="1.955" /><testcase classname="tests.test_iteration19_voice_speak.TestDesktopZipExePipeline" name="test_heirloom_spec_is_valid_python" time="0.002" /></testsuite></testsuites>