<?xml version="1.0" encoding="utf-8"?><testsuites name="pytest tests"><testsuite name="pytest" errors="0" failures="0" skipped="0" tests="10" time="2.615" timestamp="2026-06-27T18:16:50.708124+00:00" hostname="agent-env-43062f40-4ac6-412b-9a4b-e2b3ff7e5c95"><testcase classname="backend.tests.test_iteration15_prelaunch.TestCompanionScriptVersion" name="test_poll_returns_script_version" time="0.370" /><testcase classname="backend.tests.test_iteration15_prelaunch.TestCompanionScriptVersion" name="test_public_script_contains_version_constant" time="0.366" /><testcase classname="backend.tests.test_iteration15_prelaunch.TestAvatarApiKey" name="test_get_me_initially_no_personal_key" time="0.105" /><testcase classname="backend.tests.test_iteration15_prelaunch.TestAvatarApiKey" name="test_put_then_get_then_delete_api_key" time="0.472" /><testcase classname="backend.tests.test_iteration15_prelaunch.TestAvatarApiKey" name="test_put_api_key_validates_length" time="0.131" /><testcase classname="backend.tests.test_iteration15_prelaunch.TestAccountDeletion" name="test_delete_without_confirm_returns_400" time="0.205" /><testcase classname="backend.tests.test_iteration15_prelaunch.TestAccountDeletion" name="test_delete_with_confirm_cascades_and_invalidates_session" time="0.284" /><testcase classname="backend.tests.test_iteration15_prelaunch.TestAccountDeletion" name="test_second_user_unaffected_by_first_deletion" time="0.235" /><testcase classname="backend.tests.test_iteration15_prelaunch.TestRegression" name="test_auth_me_and_logout" time="0.108" /><testcase classname="backend.tests.test_iteration15_prelaunch.TestRegression" name="test_companion_easy_installer_still_works" time="0.207" /></testsuite></testsuites>