<?xml version="1.0" encoding="utf-8"?><testsuites name="pytest tests"><testsuite name="pytest" errors="0" failures="0" skipped="1" tests="9" time="9.263" timestamp="2026-08-03T14:39:14.022727+00:00" hostname="agent-env-43062f40-4ac6-412b-9a4b-e2b3ff7e5c95"><testcase classname="tests.test_iteration32_semantic" name="test_semantic_full_flow" time="0.463" /><testcase classname="tests.test_iteration32_semantic" name="test_search_falls_back_when_no_provider" time="0.404" /><testcase classname="tests.test_iteration32_semantic_extra" name="test_status_shape_no_provider" time="0.034" /><testcase classname="tests.test_iteration32_semantic_extra" name="test_embed_400_no_provider" time="0.075" /><testcase classname="tests.test_iteration32_semantic_extra" name="test_search_fallback_no_provider_returns_matches" time="0.032" /><testcase classname="tests.test_iteration32_semantic_extra" name="test_search_no_index_fallback_when_provider_configured_but_no_vectors" time="0.558" /><testcase classname="tests.test_iteration32_semantic_extra" name="test_twin_tools_keyword_regression" time="7.403" /><testcase classname="tests.test_iteration32_semantic_extra" name="test_adjacent_regressions_still_work" time="0.120" /><testcase classname="tests.test_iteration32_semantic_extra" name="test_roadmap_public_page_loads" time="0.001"><skipped type="pytest.skip" message="no public url">/app/backend/tests/test_iteration32_semantic_extra.py:197: no public url</skipped></testcase></testsuite></testsuites>