<?xml version="1.0" encoding="utf-8"?><testsuites name="pytest tests"><testsuite name="pytest" errors="0" failures="0" skipped="0" tests="12" time="2.951" timestamp="2026-08-05T09:39:37.098588+00:00" hostname="agent-env-43062f40-4ac6-412b-9a4b-e2b3ff7e5c95"><testcase classname="backend.tests.test_iteration43_mobile_pwa.TestTwilioConfigWebRTCFlag" name="test_get_config_returns_webrtc_configured_true" time="0.188" /><testcase classname="backend.tests.test_iteration43_mobile_pwa.TestVoiceToken" name="test_token_unauthenticated_401" time="0.107" /><testcase classname="backend.tests.test_iteration43_mobile_pwa.TestVoiceToken" name="test_token_returns_valid_jwt" time="0.106" /><testcase classname="backend.tests.test_iteration43_mobile_pwa.TestVoiceTokenErrors" name="test_no_twilio_config_returns_400" time="0.448" /><testcase classname="backend.tests.test_iteration43_mobile_pwa.TestVoiceTokenErrors" name="test_config_without_webrtc_fields_returns_400" time="0.799" /><testcase classname="backend.tests.test_iteration43_mobile_pwa.TestPWAAssets" name="test_manifest_json" time="0.134" /><testcase classname="backend.tests.test_iteration43_mobile_pwa.TestPWAAssets" name="test_sw_js" time="0.173" /><testcase classname="backend.tests.test_iteration43_mobile_pwa.TestPWAAssets" name="test_icon_192" time="0.093" /><testcase classname="backend.tests.test_iteration43_mobile_pwa.TestPWAAssets" name="test_icon_512" time="0.165" /><testcase classname="backend.tests.test_iteration43_mobile_pwa.TestPWAAssets" name="test_pwa_assets_no_auth_required" time="0.441" /><testcase classname="backend.tests.test_iteration43_mobile_pwa.TestPWAAssets" name="test_index_html_pwa_meta" time="0.137" /><testcase classname="backend.tests.test_iteration43_mobile_pwa.TestRoutingRegression" name="test_routing_config_get" time="0.112" /></testsuite></testsuites>