<?xml version="1.0" encoding="utf-8"?><testsuites name="pytest tests"><testsuite name="pytest" errors="0" failures="0" skipped="1" tests="37" time="6.964" timestamp="2026-06-25T06:05:01.908630+00:00" hostname="agent-env-43062f40-4ac6-412b-9a4b-e2b3ff7e5c95"><testcase classname="backend.tests.test_phase2.TestRegression" name="test_auth_me" time="0.205" /><testcase classname="backend.tests.test_phase2.TestRegression" name="test_dashboard" time="0.111" /><testcase classname="backend.tests.test_phase2.TestRegression" name="test_archive_list" time="0.095" /><testcase classname="backend.tests.test_phase2.TestVoiceCloneSettings" name="test_get_settings_default" time="0.132" /><testcase classname="backend.tests.test_phase2.TestVoiceCloneSettings" name="test_put_settings_user_key" time="0.154" /><testcase classname="backend.tests.test_phase2.TestVoiceCloneSettings" name="test_put_settings_clear" time="0.150" /><testcase classname="backend.tests.test_phase2.TestVoiceCloneSettings" name="test_put_settings_empty_400" time="0.102" /><testcase classname="backend.tests.test_phase2.TestVoiceCloneVoices" name="test_voices_listing" time="0.297" /><testcase classname="backend.tests.test_phase2.TestVoiceCloneSpeak" name="test_speak_no_voice_id_400" time="0.174" /><testcase classname="backend.tests.test_phase2.TestVoiceCloneSpeak" name="test_speak_success" time="1.227" /><testcase classname="backend.tests.test_phase2.TestVoiceCloneSpeak" name="test_speak_empty_text_400" time="0.093" /><testcase classname="backend.tests.test_phase2.TestVoiceCloneCloneGuards" name="test_clone_empty_files_400" time="0.097" /><testcase classname="backend.tests.test_phase2.TestVoiceCloneCloneGuards" name="test_clone_missing_key_400" time="0.093"><skipped type="pytest.skip" message="Default ELEVENLABS_API_KEY present — cannot test missing-key path without unsetting env">/app/backend/tests/test_phase2.py:143: Default ELEVENLABS_API_KEY present — cannot test missing-key path without unsetting env</skipped></testcase><testcase classname="backend.tests.test_phase2.TestPhotos" name="test_upload_and_list" time="0.351" /><testcase classname="backend.tests.test_phase2.TestPhotos" name="test_download_bearer_and_query" time="0.420" /><testcase classname="backend.tests.test_phase2.TestPhotos" name="test_download_unauth" time="0.104" /><testcase classname="backend.tests.test_phase2.TestPhotos" name="test_patch_caption" time="0.091" /><testcase classname="backend.tests.test_phase2.TestPhotos" name="test_delete_soft" time="0.141" /><testcase classname="backend.tests.test_phase2.TestPhotos" name="test_upload_empty_400" time="0.107" /><testcase classname="backend.tests.test_phase2.TestPhotos" name="test_upload_unsupported_mime_400" time="0.096" /><testcase classname="backend.tests.test_phase2.TestPhotos" name="test_upload_oversize_413" time="0.697" /><testcase classname="backend.tests.test_phase2.TestCompanionRegistration" name="test_register_device" time="0.104" /><testcase classname="backend.tests.test_phase2.TestCompanionRegistration" name="test_list_devices_no_token_exposed" time="0.111" /><testcase classname="backend.tests.test_phase2.TestCompanionRegistration" name="test_register_user2_device" time="0.091" /><testcase classname="backend.tests.test_phase2.TestCompanionCommandQueue" name="test_queue_command_user1" time="0.100" /><testcase classname="backend.tests.test_phase2.TestCompanionCommandQueue" name="test_list_commands" time="0.098" /><testcase classname="backend.tests.test_phase2.TestCompanionCommandQueue" name="test_queue_command_user2" time="0.101" /><testcase classname="backend.tests.test_phase2.TestCompanionPollAndResult" name="test_poll_with_device_token" time="0.094" /><testcase classname="backend.tests.test_phase2.TestCompanionPollAndResult" name="test_poll_dispatches" time="0.087" /><testcase classname="backend.tests.test_phase2.TestCompanionPollAndResult" name="test_multi_user_isolation_on_poll" time="0.193" /><testcase classname="backend.tests.test_phase2.TestCompanionPollAndResult" name="test_poll_invalid_token" time="0.105" /><testcase classname="backend.tests.test_phase2.TestCompanionPollAndResult" name="test_result_completes_command" time="0.207" /><testcase classname="backend.tests.test_phase2.TestCompanionVoiceGuards" name="test_voice_empty_400" time="0.097" /><testcase classname="backend.tests.test_phase2.TestCompanionVoiceGuards" name="test_voice_non_device_token_401" time="0.094" /><testcase classname="backend.tests.test_phase2.TestCompanionScriptDownload" name="test_script_download" time="0.090" /><testcase classname="backend.tests.test_phase2.TestCompanionScriptDownload" name="test_script_download_unknown_token_404" time="0.095" /><testcase classname="backend.tests.test_phase2.TestCompanionRevoke" name="test_revoke_device" time="0.240" /></testsuite></testsuites>