<?xml version="1.0" encoding="utf-8"?><testsuites name="pytest tests"><testsuite name="pytest" errors="0" failures="0" skipped="0" tests="33" time="6.550" timestamp="2026-06-30T10:20:34.779166+00:00" hostname="agent-env-43062f40-4ac6-412b-9a4b-e2b3ff7e5c95"><testcase classname="tests.test_iteration20_live.TestClaimHandle" name="test_no_auth_returns_401" time="0.226" /><testcase classname="tests.test_iteration20_live.TestClaimHandle" name="test_reserved_handle_admin" time="0.103" /><testcase classname="tests.test_iteration20_live.TestClaimHandle" name="test_reserved_handles[api]" time="0.097" /><testcase classname="tests.test_iteration20_live.TestClaimHandle" name="test_reserved_handles[www]" time="0.110" /><testcase classname="tests.test_iteration20_live.TestClaimHandle" name="test_reserved_handles[twin]" time="0.100" /><testcase classname="tests.test_iteration20_live.TestClaimHandle" name="test_reserved_handles[support]" time="0.098" /><testcase classname="tests.test_iteration20_live.TestClaimHandle" name="test_reserved_handles[mail]" time="0.100" /><testcase classname="tests.test_iteration20_live.TestClaimHandle" name="test_reserved_handles[live]" time="0.098" /><testcase classname="tests.test_iteration20_live.TestClaimHandle" name="test_too_short_handle" time="0.096" /><testcase classname="tests.test_iteration20_live.TestClaimHandle" name="test_invalid_chars[-foo]" time="0.139" /><testcase classname="tests.test_iteration20_live.TestClaimHandle" name="test_invalid_chars[foo-]" time="0.098" /><testcase classname="tests.test_iteration20_live.TestClaimHandle" name="test_invalid_chars[a]" time="0.101" /><testcase classname="tests.test_iteration20_live.TestClaimHandle" name="test_invalid_chars[foo bar]" time="0.104" /><testcase classname="tests.test_iteration20_live.TestClaimHandle" name="test_uppercase_auto_lowercased" time="0.099" /><testcase classname="tests.test_iteration20_live.TestClaimHandle" name="test_good_handle_returns_url_and_persists" time="0.096" /><testcase classname="tests.test_iteration20_live.TestClaimHandle" name="test_idempotent_same_user" time="0.202" /><testcase classname="tests.test_iteration20_live.TestClaimHandle" name="test_collision_returns_409" time="0.191" /><testcase classname="tests.test_iteration20_live.TestSettings" name="test_patch_requires_handle_first" time="0.098" /><testcase classname="tests.test_iteration20_live.TestSettings" name="test_patch_empty_body_returns_400" time="0.190" /><testcase classname="tests.test_iteration20_live.TestSettings" name="test_enable_then_private_mode_then_me" time="0.489" /><testcase classname="tests.test_iteration20_live.TestPublicEndpoints" name="test_profile_nonexistent_handle_404" time="0.094" /><testcase classname="tests.test_iteration20_live.TestPublicEndpoints" name="test_profile_when_disabled_returns_404" time="0.111" /><testcase classname="tests.test_iteration20_live.TestPublicEndpoints" name="test_profile_when_enabled_returns_data" time="0.300" /><testcase classname="tests.test_iteration20_live.TestPublicEndpoints" name="test_recent_empty_when_no_conversation" time="0.300" /><testcase classname="tests.test_iteration20_live.TestPublicEndpoints" name="test_recent_returns_seeded_messages_in_order" time="0.309" /><testcase classname="tests.test_iteration20_live.TestSSEStream" name="test_sse_hello_received" time="0.323" /><testcase classname="tests.test_iteration20_live.TestSSEStream" name="test_publish_turn_respects_disabled" time="0.389" /><testcase classname="tests.test_iteration20_live.TestSSEStream" name="test_publish_turn_respects_private_mode" time="0.205" /><testcase classname="tests.test_iteration20_live.TestSSEStream" name="test_publish_turn_flows_when_enabled_not_private" time="0.005" /><testcase classname="tests.test_iteration20_live.TestSSEStream" name="test_cross_user_isolation" time="0.205" /><testcase classname="tests.test_iteration20_live.TestDesktopZipPathMigration" name="test_zip_built_from_new_location" time="1.312" /><testcase classname="tests.test_iteration20_live.TestDesktopZipPathMigration" name="test_token_bake_in" time="0.003" /><testcase classname="tests.test_iteration20_live.TestDesktopZipPathMigration" name="test_companion_desktop_source_under_backend" time="0.003" /></testsuite></testsuites>