<?xml version="1.0" encoding="utf-8"?><testsuites name="pytest tests"><testsuite name="pytest" errors="0" failures="0" skipped="0" tests="39" time="33.538" timestamp="2026-06-25T08:56:16.968393+00:00" hostname="agent-env-43062f40-4ac6-412b-9a4b-e2b3ff7e5c95"><testcase classname="backend.tests.test_phase4.TestCORS" name="test_evil_origin_not_echoed" time="0.009" /><testcase classname="backend.tests.test_phase4.TestCORS" name="test_allowed_emergent_origin" time="0.010" /><testcase classname="backend.tests.test_phase4.TestCORS" name="test_unknown_origin_rejected" time="0.005" /><testcase classname="backend.tests.test_phase4.TestAuthMe" name="test_auth_me" time="0.152" /><testcase classname="backend.tests.test_phase4.TestPhotos" name="test_upload_fake_image_rejected" time="0.105" /><testcase classname="backend.tests.test_phase4.TestPhotos" name="test_upload_real_png_ok" time="0.700" /><testcase classname="backend.tests.test_phase4.TestPhotos" name="test_upload_real_jpg_ok" time="0.792" /><testcase classname="backend.tests.test_phase4.TestPhotos" name="test_file_bearer_auth_works" time="0.771" /><testcase classname="backend.tests.test_phase4.TestPhotos" name="test_signed_url_flow" time="0.473" /><testcase classname="backend.tests.test_phase4.TestPhotos" name="test_tampered_sig_unauthorized" time="0.183" /><testcase classname="backend.tests.test_phase4.TestPhotos" name="test_expired_sig_unauthorized" time="0.200" /><testcase classname="backend.tests.test_phase4.TestPhotos" name="test_no_auth_no_sig_unauthorized" time="0.093" /><testcase classname="backend.tests.test_phase4.TestPhotos" name="test_session_token_query_no_longer_works" time="0.128" /><testcase classname="backend.tests.test_phase4.TestSSRF" name="test_invoke_blocks_internal_or_bad_scheme[http://169.254.169.254/latest/meta-data/]" time="0.296" /><testcase classname="backend.tests.test_phase4.TestSSRF" name="test_invoke_blocks_internal_or_bad_scheme[http://127.0.0.1/]" time="0.311" /><testcase classname="backend.tests.test_phase4.TestSSRF" name="test_invoke_blocks_internal_or_bad_scheme[http://10.0.0.1/]" time="0.283" /><testcase classname="backend.tests.test_phase4.TestSSRF" name="test_invoke_blocks_internal_or_bad_scheme[http://192.168.1.1/]" time="0.284" /><testcase classname="backend.tests.test_phase4.TestSSRF" name="test_invoke_blocks_internal_or_bad_scheme[ftp://example.com/file]" time="0.307" /><testcase classname="backend.tests.test_phase4.TestSSRF" name="test_invoke_public_url_ok" time="1.125" /><testcase classname="backend.tests.test_phase4.TestRedos" name="test_regex_bomb_safe" time="0.102" /><testcase classname="backend.tests.test_phase4.TestRedos" name="test_open_bracket_safe" time="0.094" /><testcase classname="backend.tests.test_phase4.TestCapture" name="test_capture_reminder" time="4.428" /><testcase classname="backend.tests.test_phase4.TestCapture" name="test_capture_memory" time="3.625" /><testcase classname="backend.tests.test_phase4.TestCapture" name="test_capture_question" time="6.030" /><testcase classname="backend.tests.test_phase4.TestReminders" name="test_create" time="0.185" /><testcase classname="backend.tests.test_phase4.TestReminders" name="test_list_open" time="0.095" /><testcase classname="backend.tests.test_phase4.TestReminders" name="test_today" time="0.100" /><testcase classname="backend.tests.test_phase4.TestReminders" name="test_patch" time="0.115" /><testcase classname="backend.tests.test_phase4.TestReminders" name="test_complete" time="0.105" /><testcase classname="backend.tests.test_phase4.TestReminders" name="test_delete" time="0.101" /><testcase classname="backend.tests.test_phase4.TestDashboard" name="test_dashboard_fields" time="0.097" /><testcase classname="backend.tests.test_phase4.TestTwinRetrieval" name="test_twin_streams_with_retrieval" time="3.760" /><testcase classname="backend.tests.test_phase4.TestCompanionPoll" name="test_due_reminder_delivered_once" time="0.444" /><testcase classname="backend.tests.test_phase4.TestRateLimit" name="test_capture_429" time="7.387" /><testcase classname="backend.tests.test_phase4.TestRegression" name="test_archive_list" time="0.104" /><testcase classname="backend.tests.test_phase4.TestRegression" name="test_archive_create_get_delete" time="0.193" /><testcase classname="backend.tests.test_phase4.TestRegression" name="test_heirs_list" time="0.103" /><testcase classname="backend.tests.test_phase4.TestRegression" name="test_voice_clone_settings" time="0.103" /><testcase classname="backend.tests.test_phase4.TestRegression" name="test_photos_list" time="0.097" /></testsuite></testsuites>