<?xml version="1.0" encoding="utf-8"?><testsuites name="pytest tests"><testsuite name="pytest" errors="0" failures="0" skipped="0" tests="17" time="11.780" timestamp="2026-08-04T16:39:53.937471+00:00" hostname="agent-env-43062f40-4ac6-412b-9a4b-e2b3ff7e5c95"><testcase classname="backend.tests.test_iteration37_restoration.TestRestorationStateMachine" name="test_blocked_when_no_image_provider" time="0.410" /><testcase classname="backend.tests.test_iteration37_restoration.TestRestorationStateMachine" name="test_blocked_when_no_companion" time="0.064" /><testcase classname="backend.tests.test_iteration37_restoration.TestRestorationStateMachine" name="test_queued_when_both_ready_and_enqueues_command" time="0.179" /><testcase classname="backend.tests.test_iteration37_restoration.TestRestorationStateMachine" name="test_foreign_photo_404" time="0.067" /><testcase classname="backend.tests.test_iteration37_restoration.TestRestorationStateMachine" name="test_invalid_kind_returns_400_or_422" time="0.060" /><testcase classname="backend.tests.test_iteration37_restoration.TestRestorationJobsIO" name="test_list_sorted_desc_and_scoped" time="0.235" /><testcase classname="backend.tests.test_iteration37_restoration.TestRestorationJobsIO" name="test_get_own_job_and_foreign_404" time="0.184" /><testcase classname="backend.tests.test_iteration37_restoration.TestRestorationJobsIO" name="test_fail_sets_status_and_reason" time="0.180" /><testcase classname="backend.tests.test_iteration37_restoration.TestRestorationJobsIO" name="test_fail_foreign_job_404" time="0.062" /><testcase classname="backend.tests.test_iteration37_restoration.TestCompanionPhotoFile" name="test_returns_bytes_with_device_token" time="0.186" /><testcase classname="backend.tests.test_iteration37_restoration.TestCompanionPhotoFile" name="test_401_without_device_token" time="0.131" /><testcase classname="backend.tests.test_iteration37_restoration.TestCompanionPhotoFile" name="test_404_for_foreign_photo" time="0.066" /><testcase classname="backend.tests.test_iteration37_restoration.TestBudgetAlertIdempotency" name="test_alert_row_inserted_once_and_chat_still_ok" time="3.894" /><testcase classname="backend.tests.test_iteration37_restoration.TestRoutingRegression" name="test_catalog_shape" time="0.055" /><testcase classname="backend.tests.test_iteration37_restoration.TestRoutingRegression" name="test_chat_normal_task_succeeds_and_logs" time="5.644" /><testcase classname="backend.tests.test_iteration37_restoration.TestRoutingRegression" name="test_config_put_empty_api_key_preserves_stored" time="0.122" /><testcase classname="backend.tests.test_iteration37_restoration.TestDashboardRegression" name="test_dashboard_200" time="0.070" /></testsuite></testsuites>