<?xml version="1.0" encoding="utf-8"?><testsuites name="pytest tests"><testsuite name="pytest" errors="0" failures="0" skipped="0" tests="11" time="107.657" timestamp="2026-06-27T06:52:38.331166+00:00" hostname="agent-env-43062f40-4ac6-412b-9a4b-e2b3ff7e5c95"><testcase classname="backend.tests.test_iteration13_avatar.TestAuthGating" name="test_me_requires_auth" time="0.349" /><testcase classname="backend.tests.test_iteration13_avatar.TestAuthGating" name="test_talk_requires_auth" time="0.130" /><testcase classname="backend.tests.test_iteration13_avatar.TestAvatarMe" name="test_me_returns_configured_true_and_default_url" time="0.131" /><testcase classname="backend.tests.test_iteration13_avatar.TestSourceUrl" name="test_put_valid_https_url_persists" time="0.266" /><testcase classname="backend.tests.test_iteration13_avatar.TestSourceUrl" name="test_put_non_http_url_returns_400" time="0.096" /><testcase classname="backend.tests.test_iteration13_avatar.TestSourceUrl" name="test_put_empty_url_is_accepted_as_clear" time="0.137" /><testcase classname="backend.tests.test_iteration13_avatar.TestSourceUpload" name="test_upload_returns_501_with_helpful_detail" time="0.136" /><testcase classname="backend.tests.test_iteration13_avatar.TestTalkFlow" name="test_create_talk_returns_quickly" time="1.976" /><testcase classname="backend.tests.test_iteration13_avatar.TestTalkFlow" name="test_poll_other_user_returns_404" time="0.160" /><testcase classname="backend.tests.test_iteration13_avatar.TestTalkFlow" name="test_poll_unknown_id_returns_404" time="0.096" /><testcase classname="backend.tests.test_iteration13_avatar.TestTalkFlow" name="test_poll_until_done" time="104.144" /></testsuite></testsuites>