<?xml version="1.0" encoding="utf-8"?><testsuites name="pytest tests"><testsuite name="pytest" errors="0" failures="0" skipped="0" tests="19" time="6.041" timestamp="2026-08-04T04:01:31.841197+00:00" hostname="agent-env-43062f40-4ac6-412b-9a4b-e2b3ff7e5c95"><testcase classname="backend.tests.test_iteration36_routing" name="test_catalog_shape" time="0.160" /><testcase classname="backend.tests.test_iteration36_routing" name="test_get_config_defaults_and_no_key_leak" time="0.115" /><testcase classname="backend.tests.test_iteration36_routing" name="test_put_config_saves_and_preserves_keys" time="0.195" /><testcase classname="backend.tests.test_iteration36_routing" name="test_put_config_updates_task_routes" time="0.342" /><testcase classname="backend.tests.test_iteration36_routing" name="test_chat_default_emergent" time="1.594" /><testcase classname="backend.tests.test_iteration36_routing" name="test_chat_openai_fallback_to_emergent" time="1.931" /><testcase classname="backend.tests.test_iteration36_routing" name="test_verify_invalid_openai_key" time="0.390" /><testcase classname="backend.tests.test_iteration36_routing" name="test_verify_unknown_provider" time="0.101" /><testcase classname="backend.tests.test_iteration36_routing" name="test_verify_emergent_no_key_needed" time="0.100" /><testcase classname="backend.tests.test_iteration36_routing" name="test_usage_summary_shape" time="0.113" /><testcase classname="backend.tests.test_iteration36_routing" name="test_usage_events_shape" time="0.117" /><testcase classname="backend.tests.test_iteration36_routing" name="test_resolve_chat" time="0.095" /><testcase classname="backend.tests.test_iteration36_routing" name="test_resolve_unknown_task_400" time="0.113" /><testcase classname="backend.tests.test_iteration36_routing" name="test_chat_unknown_task_400" time="0.102" /><testcase classname="backend.tests.test_iteration36_routing" name="test_chat_unknown_provider_400" time="0.091" /><testcase classname="backend.tests.test_iteration36_routing" name="test_config_requires_auth" time="0.128" /><testcase classname="backend.tests.test_iteration36_routing" name="test_dashboard_regression_no_500" time="0.110" /><testcase classname="backend.tests.test_iteration36_routing" name="test_twin_conversations_regression" time="0.095" /><testcase classname="backend.tests.test_iteration36_routing" name="test_providers_regression" time="0.099" /></testsuite></testsuites>