<?xml version="1.0" encoding="utf-8"?><testsuites name="pytest tests"><testsuite name="pytest" errors="0" failures="1" skipped="0" tests="10" time="54.231" timestamp="2026-07-05T09:42:35.617861+00:00" hostname="agent-env-43062f40-4ac6-412b-9a4b-e2b3ff7e5c95"><testcase classname="tests.test_iteration22_twin_tools.TestTwinTools" name="test_weather_tool_paris" time="5.392" /><testcase classname="tests.test_iteration22_twin_tools.TestTwinTools" name="test_save_memory_tool" time="4.816" /><testcase classname="tests.test_iteration22_twin_tools.TestTwinTools" name="test_set_reminder_tool" time="5.146" /><testcase classname="tests.test_iteration22_twin_tools.TestTwinTools" name="test_search_archive_tool" time="5.096" /><testcase classname="tests.test_iteration22_twin_tools.TestTwinTools" name="test_tool_trace_persisted" time="5.630" /><testcase classname="tests.test_iteration22_twin_tools.TestTwinTools" name="test_regression_plain_conversation_no_tools" time="6.327"><failure message="AssertionError: tools fired on plain convo: ['search_archive', 'search_archive']&#10;assert not [{'phase': 'start', 'id': 'toolu_01DXUx3jnry8uWYcoSjzS9HD', 'name': 'search_archive', 'args': {'query': 'childhood'}}, {'phase': 'result', 'id': 'toolu_01DXUx3jnry8uWYcoSjzS9HD', 'name': 'search_archive', 'ui': {'count': 2, 'query': 'childhood'}}]">tests/test_iteration22_twin_tools.py:193: in test_regression_plain_conversation_no_tools
    assert not res["tools"], f"tools fired on plain convo: {[t.get('name') for t in res['tools']]}"
E   AssertionError: tools fired on plain convo: ['search_archive', 'search_archive']
E   assert not [{'phase': 'start', 'id': 'toolu_01DXUx3jnry8uWYcoSjzS9HD', 'name': 'search_archive', 'args': {'query': 'childhood'}}, {'phase': 'result', 'id': 'toolu_01DXUx3jnry8uWYcoSjzS9HD', 'name': 'search_archive', 'ui': {'count': 2, 'query': 'childhood'}}]</failure></testcase><testcase classname="tests.test_iteration22_twin_tools.TestTwinTools" name="test_regression_music_shortcircuit" time="0.349" /><testcase classname="tests.test_iteration22_twin_tools.TestTwinTools" name="test_web_search_tool" time="6.567" /><testcase classname="tests.test_iteration22_twin_tools.TestTwinTools" name="test_weather_lat_lon_direct" time="4.841" /><testcase classname="tests.test_iteration22_twin_tools.TestTwinTools" name="test_tool_loop_completes_within_60s" time="9.895" /></testsuite></testsuites>