<?xml version="1.0" encoding="utf-8"?><testsuites name="pytest tests"><testsuite name="pytest" errors="0" failures="0" skipped="0" tests="8" time="2.325" timestamp="2026-08-03T14:04:52.591390+00:00" hostname="agent-env-43062f40-4ac6-412b-9a4b-e2b3ff7e5c95"><testcase classname="backend.tests.test_iteration31_providers" name="test_providers_unauth_returns_401" time="0.279" /><testcase classname="backend.tests.test_iteration31_providers" name="test_providers_get_defaults" time="0.614" /><testcase classname="backend.tests.test_iteration31_providers" name="test_providers_put_and_persist" time="0.341" /><testcase classname="backend.tests.test_iteration31_providers" name="test_providers_reset" time="0.127" /><testcase classname="backend.tests.test_iteration31_providers" name="test_agent_kinds_still_401" time="0.114" /><testcase classname="backend.tests.test_iteration31_providers" name="test_archive_with_auth" time="0.107" /><testcase classname="backend.tests.test_iteration31_providers" name="test_abilities_returns" time="0.138" /><testcase classname="backend.tests.test_iteration31_providers" name="test_landing_renders" time="0.564" /></testsuite></testsuites>