<?xml version="1.0" encoding="utf-8"?><testsuites name="pytest tests"><testsuite name="pytest" errors="0" failures="0" skipped="0" tests="4" time="21.692" timestamp="2026-06-25T06:58:42.613527+00:00" hostname="agent-env-43062f40-4ac6-412b-9a4b-e2b3ff7e5c95"><testcase classname="backend.tests.test_phase3_bugs.TestSSEFraming" name="test_interviewer_sse_json_framing_multi_paragraph" time="5.490" /><testcase classname="backend.tests.test_phase3_bugs.TestSSEFraming" name="test_interviewer_sse_error_event_on_bad_conv" time="0.145" /><testcase classname="backend.tests.test_phase3_bugs.TestInterviewerMemory" name="test_remembers_city_across_turns" time="8.953" /><testcase classname="backend.tests.test_phase3_bugs.TestTwinMemory" name="test_remembers_number_across_turns" time="7.040" /></testsuite></testsuites>