<?xml version="1.0" encoding="utf-8"?><testsuites name="pytest tests"><testsuite name="pytest" errors="0" failures="0" skipped="0" tests="27" time="15.423" timestamp="2026-06-25T10:20:42.335413+00:00" hostname="agent-env-43062f40-4ac6-412b-9a4b-e2b3ff7e5c95"><testcase classname="backend.tests.test_phase6.TestOnboardingState" name="test_auto_onboard_for_legacy_user" time="0.131" /><testcase classname="backend.tests.test_phase6.TestOnboardingState" name="test_new_user_not_onboarded" time="0.095" /><testcase classname="backend.tests.test_phase6.TestOnboardingState" name="test_state_requires_auth" time="0.101" /><testcase classname="backend.tests.test_phase6.TestOnboardingComplete" name="test_complete_seeds_archive" time="0.309" /><testcase classname="backend.tests.test_phase6.TestWidgets" name="test_update_widgets_filters_unknown" time="0.187" /><testcase classname="backend.tests.test_phase6.TestWidgets" name="test_update_widgets_empty_rejected" time="0.090" /><testcase classname="backend.tests.test_phase6.TestSources" name="test_01_create_local_folder_source" time="0.100" /><testcase classname="backend.tests.test_phase6.TestSources" name="test_02_list_sources" time="0.089" /><testcase classname="backend.tests.test_phase6.TestSources" name="test_03_invalid_kind_rejected" time="0.091" /><testcase classname="backend.tests.test_phase6.TestSources" name="test_04_sync_local_enqueues_command" time="0.096" /><testcase classname="backend.tests.test_phase6.TestSources" name="test_05_local_source_rejects_upload" time="0.095" /><testcase classname="backend.tests.test_phase6.TestSources" name="test_06_create_generic_upload_source" time="0.105" /><testcase classname="backend.tests.test_phase6.TestSources" name="test_07_upload_text_extracts" time="6.122" /><testcase classname="backend.tests.test_phase6.TestSources" name="test_08_empty_upload_400" time="0.103" /><testcase classname="backend.tests.test_phase6.TestSources" name="test_09_exe_upload_400" time="0.098" /><testcase classname="backend.tests.test_phase6.TestSources" name="test_10_zip_upload_extracts" time="5.389" /><testcase classname="backend.tests.test_phase6.TestSources" name="test_11_user_isolation" time="0.232" /><testcase classname="backend.tests.test_phase6.TestSources" name="test_12_delete_source" time="0.210" /><testcase classname="backend.tests.test_phase6.TestDashboardExtras" name="test_on_this_day_shape" time="0.094" /><testcase classname="backend.tests.test_phase6.TestDashboardExtras" name="test_on_this_day_picks_up_today_entry" time="0.697" /><testcase classname="backend.tests.test_phase6.TestDashboardExtras" name="test_recent_journals_shape" time="0.097" /><testcase classname="backend.tests.test_phase6.TestDashboardExtras" name="test_last_twin_chat_null_when_none" time="0.093" /><testcase classname="backend.tests.test_phase6.TestRegression" name="test_auth_me" time="0.099" /><testcase classname="backend.tests.test_phase6.TestRegression" name="test_archive_crud_roundtrip" time="0.354" /><testcase classname="backend.tests.test_phase6.TestRegression" name="test_dashboard_streak" time="0.098" /><testcase classname="backend.tests.test_phase6.TestRegression" name="test_reminders_list" time="0.092" /><testcase classname="backend.tests.test_phase6.TestRegression" name="test_skills_list" time="0.094" /></testsuite></testsuites>