<?xml version="1.0" encoding="utf-8"?><testsuites name="pytest tests"><testsuite name="pytest" errors="0" failures="0" skipped="0" tests="29" time="14.097" timestamp="2026-06-29T05:58:37.466344+00:00" hostname="agent-env-43062f40-4ac6-412b-9a4b-e2b3ff7e5c95"><testcase classname="tests.test_iteration18_vault.TestVaultCompact" name="test_compact_live_extracts_facts" time="3.428" /><testcase classname="tests.test_iteration18_vault.TestVaultCompact" name="test_compact_empty_short_circuit" time="0.173" /><testcase classname="tests.test_iteration18_vault.TestVaultCompact" name="test_compact_missing_auth" time="0.101" /><testcase classname="tests.test_iteration18_vault.TestVaultCompact" name="test_compact_invalid_token" time="0.098" /><testcase classname="tests.test_iteration18_vault.TestVaultIngest" name="test_ingest_insert_then_idempotent" time="0.326" /><testcase classname="tests.test_iteration18_vault.TestVaultIngest" name="test_ingest_does_not_leak_across_users" time="0.103" /><testcase classname="tests.test_iteration18_vault.TestVaultStatus" name="test_status_shape_and_counts" time="0.105" /><testcase classname="tests.test_iteration18_vault.TestVaultStatus" name="test_status_missing_auth" time="0.104" /><testcase classname="tests.test_iteration18_vault.TestLocalVaultSQLite" name="test_sqlite_vault_lifecycle" time="0.151" /><testcase classname="tests.test_iteration17_desktop.TestDesktopMe" name="test_me_valid_token" time="0.103" /><testcase classname="tests.test_iteration17_desktop.TestDesktopMe" name="test_me_invalid_token" time="0.095" /><testcase classname="tests.test_iteration17_desktop.TestDesktopMe" name="test_me_missing_auth" time="0.097" /><testcase classname="tests.test_iteration17_desktop.TestDesktopConversation" name="test_conversation_first_call_creates_empty" time="0.098" /><testcase classname="tests.test_iteration17_desktop.TestDesktopChat" name="test_chat_persists_pair_and_shares_conversation" time="4.100" /><testcase classname="tests.test_iteration17_desktop.TestDesktopCaptureAndMemories" name="test_capture_and_recent_isolation" time="0.293" /><testcase classname="tests.test_iteration17_desktop.TestDesktopAvatarTalkRegistration" name="test_openapi_has_avatar_talk_endpoints" time="0.044" /><testcase classname="tests.test_iteration17_desktop.TestBuildDesktopZip" name="test_zip_structure_and_token_injection" time="1.887" /><testcase classname="tests.test_iteration17_desktop.TestDesktopPackageEndpoint" name="test_unauth_returns_401" time="0.140" /><testcase classname="tests.test_iteration17_desktop.TestDesktopPackageEndpoint" name="test_auth_owner_returns_zip" time="0.109" /><testcase classname="tests.test_iteration17_desktop.TestDesktopPackageEndpoint" name="test_cross_user_token_returns_404" time="0.114" /><testcase classname="tests.test_iteration17_desktop.TestDesktopAppSyntax" name="test_all_python_files_compile" time="0.012" /><testcase classname="tests.test_iteration16_payment_link.TestPaymentLinkEndpoint" name="test_payment_link_returns_live_url_and_package" time="0.093" /><testcase classname="tests.test_iteration16_payment_link.TestPackagesRegression" name="test_packages_still_returns_lifetime" time="0.095" /><testcase classname="tests.test_iteration16_payment_link.TestWebhookInfo" name="test_webhook_info_includes_payment_link_fields" time="0.091" /><testcase classname="tests.test_iteration16_payment_link.TestStripeWebhookPaymentLink" name="test_payment_link_webhook_provisions_via_customer_details" time="0.396" /><testcase classname="tests.test_iteration16_payment_link.TestStripeWebhookPaymentLink" name="test_webhook_idempotent_at_event_level" time="0.409" /><testcase classname="tests.test_iteration16_payment_link.TestProvisionAfterPaymentUnit" name="test_provision_creates_all_rows_and_is_idempotent" time="0.439" /><testcase classname="tests.test_iteration16_payment_link.TestCheckoutRegression" name="test_checkout_still_creates_stripe_session" time="0.466" /><testcase classname="tests.test_iteration16_payment_link.TestCheckoutRegression" name="test_status_endpoint_returns_response" time="0.313" /></testsuite></testsuites>