<?xml version="1.0" encoding="utf-8"?><testsuites name="pytest tests"><testsuite name="pytest" errors="0" failures="0" skipped="0" tests="52" time="22.606" timestamp="2026-06-27T07:25:00.886606+00:00" hostname="agent-env-43062f40-4ac6-412b-9a4b-e2b3ff7e5c95"><testcase classname="backend.tests.test_iteration14_prelaunch_regression" name="test_root_ok" time="0.142" /><testcase classname="backend.tests.test_iteration14_prelaunch_regression" name="test_me_with_token" time="0.098" /><testcase classname="backend.tests.test_iteration14_prelaunch_regression" name="test_me_without_token_401" time="0.097" /><testcase classname="backend.tests.test_iteration14_prelaunch_regression" name="test_set_preferences_PUT" time="0.098" /><testcase classname="backend.tests.test_iteration14_prelaunch_regression" name="test_onboarding_complete" time="0.097" /><testcase classname="backend.tests.test_iteration14_prelaunch_regression" name="test_onboarding_state" time="0.093" /><testcase classname="backend.tests.test_iteration14_prelaunch_regression" name="test_archive_create" time="0.096" /><testcase classname="backend.tests.test_iteration14_prelaunch_regression" name="test_archive_list" time="0.105" /><testcase classname="backend.tests.test_iteration14_prelaunch_regression" name="test_archive_search_via_q" time="0.095" /><testcase classname="backend.tests.test_iteration14_prelaunch_regression" name="test_archive_patch" time="0.101" /><testcase classname="backend.tests.test_iteration14_prelaunch_regression" name="test_archive_ask" time="2.013" /><testcase classname="backend.tests.test_iteration14_prelaunch_regression" name="test_archive_delete" time="0.095" /><testcase classname="backend.tests.test_iteration14_prelaunch_regression" name="test_interviewer_start" time="0.101" /><testcase classname="backend.tests.test_iteration14_prelaunch_regression" name="test_twin_start" time="0.092" /><testcase classname="backend.tests.test_iteration14_prelaunch_regression" name="test_avatar_me" time="0.096" /><testcase classname="backend.tests.test_iteration14_prelaunch_regression" name="test_voice_clone_settings" time="0.092" /><testcase classname="backend.tests.test_iteration14_prelaunch_regression" name="test_photo_upload" time="0.345" /><testcase classname="backend.tests.test_iteration14_prelaunch_regression" name="test_photo_list" time="0.093" /><testcase classname="backend.tests.test_iteration14_prelaunch_regression" name="test_photo_get_file" time="0.216" /><testcase classname="backend.tests.test_iteration14_prelaunch_regression" name="test_photo_delete" time="0.101" /><testcase classname="backend.tests.test_iteration14_prelaunch_regression" name="test_companion_register" time="0.097" /><testcase classname="backend.tests.test_iteration14_prelaunch_regression" name="test_companion_poll" time="0.098" /><testcase classname="backend.tests.test_iteration14_prelaunch_regression" name="test_companion_queue_command" time="0.093" /><testcase classname="backend.tests.test_iteration14_prelaunch_regression" name="test_skill_create" time="0.102" /><testcase classname="backend.tests.test_iteration14_prelaunch_regression" name="test_skill_list" time="0.092" /><testcase classname="backend.tests.test_iteration14_prelaunch_regression" name="test_skill_delete" time="0.100" /><testcase classname="backend.tests.test_iteration14_prelaunch_regression" name="test_heir_create" time="0.094" /><testcase classname="backend.tests.test_iteration14_prelaunch_regression" name="test_heir_list" time="0.094" /><testcase classname="backend.tests.test_iteration14_prelaunch_regression" name="test_heir_release_now" time="0.126" /><testcase classname="backend.tests.test_iteration14_prelaunch_regression" name="test_heir_portal_public" time="0.097" /><testcase classname="backend.tests.test_iteration14_prelaunch_regression" name="test_heir_delete" time="0.097" /><testcase classname="backend.tests.test_iteration14_prelaunch_regression" name="test_letter_create" time="0.098" /><testcase classname="backend.tests.test_iteration14_prelaunch_regression" name="test_letter_list" time="0.104" /><testcase classname="backend.tests.test_iteration14_prelaunch_regression" name="test_letter_patch" time="0.099" /><testcase classname="backend.tests.test_iteration14_prelaunch_regression" name="test_letter_seal" time="0.094" /><testcase classname="backend.tests.test_iteration14_prelaunch_regression" name="test_letter_delete_after_seal" time="0.093" /><testcase classname="backend.tests.test_iteration14_prelaunch_regression" name="test_persona_create" time="0.093" /><testcase classname="backend.tests.test_iteration14_prelaunch_regression" name="test_persona_list" time="0.098" /><testcase classname="backend.tests.test_iteration14_prelaunch_regression" name="test_persona_activate" time="0.090" /><testcase classname="backend.tests.test_iteration14_prelaunch_regression" name="test_persona_deactivate" time="0.088" /><testcase classname="backend.tests.test_iteration14_prelaunch_regression" name="test_memory_facts" time="3.789" /><testcase classname="backend.tests.test_iteration14_prelaunch_regression" name="test_nudges_today" time="0.112" /><testcase classname="backend.tests.test_iteration14_prelaunch_regression" name="test_personality_profile" time="10.955" /><testcase classname="backend.tests.test_iteration14_prelaunch_regression" name="test_music_me" time="0.153" /><testcase classname="backend.tests.test_iteration14_prelaunch_regression" name="test_music_providers" time="0.094" /><testcase classname="backend.tests.test_iteration14_prelaunch_regression" name="test_billing_packages" time="0.095" /><testcase classname="backend.tests.test_iteration14_prelaunch_regression" name="test_billing_checkout" time="0.618" /><testcase classname="backend.tests.test_iteration14_prelaunch_regression" name="test_list_under_500ms[/api/archive]" time="0.098" /><testcase classname="backend.tests.test_iteration14_prelaunch_regression" name="test_list_under_500ms[/api/photos]" time="0.096" /><testcase classname="backend.tests.test_iteration14_prelaunch_regression" name="test_list_under_500ms[/api/heirs]" time="0.101" /><testcase classname="backend.tests.test_iteration14_prelaunch_regression" name="test_list_under_500ms[/api/letters]" time="0.102" /><testcase classname="backend.tests.test_iteration14_prelaunch_regression" name="test_list_under_500ms[/api/skills]" time="0.105" /></testsuite></testsuites>