<?xml version="1.0" encoding="utf-8"?><testsuites name="pytest tests"><testsuite name="pytest" errors="0" failures="1" skipped="0" tests="14" time="42.278" timestamp="2026-08-04T17:04:51.062665+00:00" hostname="agent-env-43062f40-4ac6-412b-9a4b-e2b3ff7e5c95"><testcase classname="backend.tests.test_provider_health.TestRegression" name="test_catalog" time="35.888" /><testcase classname="backend.tests.test_provider_health.TestRegression" name="test_config_no_key_leak" time="0.060" /><testcase classname="backend.tests.test_provider_health.TestRegression" name="test_usage" time="0.057" /><testcase classname="backend.tests.test_provider_health.TestRegression" name="test_chat_emergent" time="3.350" /><testcase classname="backend.tests.test_provider_health.TestAuth" name="test_health_requires_auth" time="0.231" /><testcase classname="backend.tests.test_provider_health.TestAuth" name="test_health_check_requires_auth" time="0.114" /><testcase classname="backend.tests.test_provider_health.TestHealth" name="test_force_check_all" time="0.227"><failure message="AssertionError: assert 'user_id' not in {'user_id': 'test-routing-user', 'provider': 'emergent', 'status': 'green', 'error': None, ...}">backend/tests/test_provider_health.py:85: in test_force_check_all
    assert "user_id" not in row
E   AssertionError: assert 'user_id' not in {'user_id': 'test-routing-user', 'provider': 'emergent', 'status': 'green', 'error': None, ...}</failure></testcase><testcase classname="backend.tests.test_provider_health.TestHealth" name="test_emergent_green" time="0.114" /><testcase classname="backend.tests.test_provider_health.TestHealth" name="test_openai_red_with_401_error" time="0.201" /><testcase classname="backend.tests.test_provider_health.TestHealth" name="test_unknown_provider_400" time="0.055" /><testcase classname="backend.tests.test_provider_health.TestHealth" name="test_get_health_returns_probed" time="0.233" /><testcase classname="backend.tests.test_provider_health.TestHealth" name="test_upsert_no_duplicates_and_timestamp_advances" time="1.429" /><testcase classname="backend.tests.test_provider_health.TestHealth" name="test_disabled_provider_direct_probe" time="0.051" /><testcase classname="backend.tests.test_provider_health.TestHealth" name="test_enabled_provider_missing_key" time="0.207" /></testsuite></testsuites>