<?xml version="1.0" encoding="utf-8"?><testsuites name="pytest tests"><testsuite name="pytest" errors="0" failures="0" skipped="0" tests="15" time="1.833" timestamp="2026-08-03T15:37:17.671318+00:00" hostname="agent-env-43062f40-4ac6-412b-9a4b-e2b3ff7e5c95"><testcase classname="backend.tests.test_twilio_voice" name="test_config_get_unauth_returns_401" time="0.234" /><testcase classname="backend.tests.test_twilio_voice" name="test_outbound_unauth_returns_401" time="0.065" /><testcase classname="backend.tests.test_twilio_voice" name="test_config_fresh_user_returns_configured_false" time="0.265" /><testcase classname="backend.tests.test_twilio_voice" name="test_calls_fresh_user_returns_empty" time="0.063" /><testcase classname="backend.tests.test_twilio_voice" name="test_delete_config_idempotent" time="0.062" /><testcase classname="backend.tests.test_twilio_voice" name="test_put_config_fake_credentials_rejected_400" time="0.212" /><testcase classname="backend.tests.test_twilio_voice" name="test_outbound_without_config_returns_400" time="0.127" /><testcase classname="backend.tests.test_twilio_voice" name="test_voice_incoming_without_signature_returns_403" time="0.169" /><testcase classname="backend.tests.test_twilio_voice" name="test_voice_turn_without_signature_returns_403_or_hangup" time="0.214" /><testcase classname="backend.tests.test_twilio_voice" name="test_audio_nonexistent_token_returns_404" time="0.059" /><testcase classname="backend.tests.test_twilio_voice" name="test_regression_providers" time="0.060" /><testcase classname="backend.tests.test_twilio_voice" name="test_regression_agent_kinds" time="0.065" /><testcase classname="backend.tests.test_twilio_voice" name="test_regression_memory_search_status" time="0.066" /><testcase classname="backend.tests.test_twilio_voice" name="test_regression_archive" time="0.062" /><testcase classname="backend.tests.test_twilio_voice" name="test_regression_auth_me" time="0.068" /></testsuite></testsuites>