<?xml version="1.0" encoding="utf-8"?><testsuites name="pytest tests"><testsuite name="pytest" errors="0" failures="0" skipped="1" tests="25" time="6.826" timestamp="2026-06-26T11:22:17.128214+00:00" hostname="agent-env-43062f40-4ac6-412b-9a4b-e2b3ff7e5c95"><testcase classname="backend.tests.test_heirloom_features" name="test_auth_me_ok" time="0.237" /><testcase classname="backend.tests.test_heirloom_features.TestWindowsCompanion" name="test_register_and_download_zip" time="0.232" /><testcase classname="backend.tests.test_heirloom_features.TestWindowsCompanion" name="test_wake_word_variant" time="0.289" /><testcase classname="backend.tests.test_heirloom_features.TestLetters" name="test_create_on_release" time="0.132" /><testcase classname="backend.tests.test_heirloom_features.TestLetters" name="test_patch_while_draft" time="0.103" /><testcase classname="backend.tests.test_heirloom_features.TestLetters" name="test_seal" time="0.133" /><testcase classname="backend.tests.test_heirloom_features.TestLetters" name="test_patch_sealed_rejected" time="0.143" /><testcase classname="backend.tests.test_heirloom_features.TestLetters" name="test_unseal" time="0.100" /><testcase classname="backend.tests.test_heirloom_features.TestLetters" name="test_delete_undelivered" time="0.207" /><testcase classname="backend.tests.test_heirloom_features.TestLetters" name="test_trigger_on_date_requires_date" time="0.095" /><testcase classname="backend.tests.test_heirloom_features.TestLetters" name="test_trigger_on_age_requires_age" time="0.480" /><testcase classname="backend.tests.test_heirloom_features.TestHeirRelease" name="test_create_heir" time="0.098" /><testcase classname="backend.tests.test_heirloom_features.TestHeirRelease" name="test_check_in" time="0.101" /><testcase classname="backend.tests.test_heirloom_features.TestHeirRelease" name="test_release_now" time="0.108" /><testcase classname="backend.tests.test_heirloom_features.TestHeirRelease" name="test_release_link_get" time="0.094" /><testcase classname="backend.tests.test_heirloom_features.TestHeirRelease" name="test_list_does_not_expose_token" time="0.103" /><testcase classname="backend.tests.test_heirloom_features.TestHeirPortal" name="test_portal_summary" time="0.096" /><testcase classname="backend.tests.test_heirloom_features.TestHeirPortal" name="test_portal_invalid_token" time="0.097" /><testcase classname="backend.tests.test_heirloom_features.TestHeirPortal" name="test_portal_letters" time="0.098" /><testcase classname="backend.tests.test_heirloom_features.TestHeirPortal" name="test_portal_entries" time="0.107" /><testcase classname="backend.tests.test_heirloom_features.TestHeirPortal" name="test_portal_twin_chat" time="2.810" /><testcase classname="backend.tests.test_heirloom_features.TestIsolation" name="test_b_cannot_access_a_portal_archive" time="0.131" /><testcase classname="backend.tests.test_heirloom_features.TestIsolation" name="test_b_cannot_create_letter_for_a_heir" time="0.103" /><testcase classname="backend.tests.test_heirloom_features" name="test_revoke_release" time="0.193" /><testcase classname="backend.tests.test_heirloom_features" name="test_delete_delivered_letter_blocked" time="0.483"><skipped type="pytest.skip" message="Backend doesn't auto-mark delivered on release; skipping">/app/backend/tests/test_heirloom_features.py:309: Backend doesn't auto-mark delivered on release; skipping</skipped></testcase></testsuite></testsuites>