<?xml version="1.0" encoding="utf-8"?><testsuites name="pytest tests"><testsuite name="pytest" errors="0" failures="0" skipped="0" tests="8" time="12.032" timestamp="2026-07-12T19:15:48.466666+00:00" hostname="agent-env-43062f40-4ac6-412b-9a4b-e2b3ff7e5c95"><testcase classname="tests.test_iteration25_abilities.TestAbilitiesCatalog" name="test_list_abilities_shape" time="0.158" /><testcase classname="tests.test_iteration25_abilities.TestAbilitiesCatalog" name="test_terminal_disable_first_then_defaults_hold" time="0.558" /><testcase classname="tests.test_iteration25_abilities.TestEnableDisable" name="test_enable_missing_permission_400" time="0.097" /><testcase classname="tests.test_iteration25_abilities.TestEnableDisable" name="test_enable_success_then_disable" time="0.179" /><testcase classname="tests.test_iteration25_abilities.TestEnableDisable" name="test_unknown_ability_404" time="0.092" /><testcase classname="tests.test_iteration25_abilities.TestToolGating" name="test_gating_core_and_toggle" time="0.307" /><testcase classname="tests.test_iteration25_abilities.TestTwinGating" name="test_music_short_circuit_gated" time="5.847" /><testcase classname="tests.test_iteration25_abilities.TestTwinGating" name="test_web_tool_gated" time="4.754" /></testsuite></testsuites>