<?xml version="1.0" encoding="utf-8"?><testsuites name="pytest tests"><testsuite name="pytest" errors="0" failures="2" skipped="0" tests="8" time="2.593" timestamp="2026-06-28T20:25:13.301084+00:00" hostname="agent-env-43062f40-4ac6-412b-9a4b-e2b3ff7e5c95"><testcase classname="backend.tests.test_iteration16_payment_link.TestPaymentLinkEndpoint" name="test_payment_link_returns_live_url_and_package" time="0.219" /><testcase classname="backend.tests.test_iteration16_payment_link.TestPackagesRegression" name="test_packages_still_returns_lifetime" time="0.138" /><testcase classname="backend.tests.test_iteration16_payment_link.TestWebhookInfo" name="test_webhook_info_includes_payment_link_fields" time="0.111" /><testcase classname="backend.tests.test_iteration16_payment_link.TestStripeWebhookPaymentLink" name="test_payment_link_webhook_provisions_via_customer_details" time="0.396"><failure message="AssertionError: Internal Server Error&#10;assert 500 == 200&#10; +  where 500 = &lt;Response [500]&gt;.status_code">E   AssertionError: Internal Server Error
    assert 500 == 200
     +  where 500 = &lt;Response [500]&gt;.status_code</failure></testcase><testcase classname="backend.tests.test_iteration16_payment_link.TestStripeWebhookPaymentLink" name="test_webhook_idempotent_at_event_level" time="0.325"><failure message="AssertionError: Internal Server Error&#10;assert 500 == 200&#10; +  where 500 = &lt;Response [500]&gt;.status_code">E   AssertionError: Internal Server Error
    assert 500 == 200
     +  where 500 = &lt;Response [500]&gt;.status_code</failure></testcase><testcase classname="backend.tests.test_iteration16_payment_link.TestProvisionAfterPaymentUnit" name="test_provision_creates_all_rows_and_is_idempotent" time="0.473" /><testcase classname="backend.tests.test_iteration16_payment_link.TestCheckoutRegression" name="test_checkout_still_creates_stripe_session" time="0.519" /><testcase classname="backend.tests.test_iteration16_payment_link.TestCheckoutRegression" name="test_status_endpoint_returns_response" time="0.319" /></testsuite></testsuites>