<?xml version="1.0" encoding="utf-8"?><testsuites name="pytest tests"><testsuite name="pytest" errors="0" failures="1" skipped="0" tests="13" time="2.429" timestamp="2026-08-05T00:53:33.704593+00:00" hostname="agent-env-43062f40-4ac6-412b-9a4b-e2b3ff7e5c95"><testcase classname="backend.tests.test_iteration40_templates_projection.TestTemplatesList" name="test_returns_5_presets" time="0.238" /><testcase classname="backend.tests.test_iteration40_templates_projection.TestTemplatesList" name="test_shape" time="0.226" /><testcase classname="backend.tests.test_iteration40_templates_projection.TestTemplatesList" name="test_balanced_content" time="0.112" /><testcase classname="backend.tests.test_iteration40_templates_projection.TestApplyTemplate" name="test_unknown_400" time="0.112" /><testcase classname="backend.tests.test_iteration40_templates_projection.TestApplyTemplate" name="test_apply_balanced_updates_routes" time="0.116" /><testcase classname="backend.tests.test_iteration40_templates_projection.TestApplyTemplate" name="test_warnings_for_disabled_providers" time="0.282" /><testcase classname="backend.tests.test_iteration40_templates_projection.TestApplyTemplate" name="test_preserves_keys_enabled_and_budget" time="0.259" /><testcase classname="backend.tests.test_iteration40_templates_projection.TestUsageProjection" name="test_empty_fresh_user" time="0.099" /><testcase classname="backend.tests.test_iteration40_templates_projection.TestUsageProjection" name="test_math" time="0.112" /><testcase classname="backend.tests.test_iteration40_templates_projection.TestRotationAlertRetryCap" name="test_cap_at_3_and_reset_on_green" time="0.359"><failure message="AssertionError: assert 1 == 3&#10; +  where 1 = &lt;built-in method get of dict object at 0xf8e25ecb5d40&gt;('rotation_alert_attempts')&#10; +    where &lt;built-in method get of dict object at 0xf8e25ecb5d40&gt; = {'_id': ObjectId('6a72898fbc9073d341448bc6'), 'user_id': 'iter40-cap-833238', 'provider': 'openai', 'created_at': '2026-08-05T00:53:35.663635+00:00', ...}.get">backend/tests/test_iteration40_templates_projection.py:320: in test_cap_at_3_and_reset_on_green
    asyncio.run(scenario())
/usr/local/lib/python3.11/asyncio/runners.py:190: in run
    return runner.run(main)
           ^^^^^^^^^^^^^^^^
/usr/local/lib/python3.11/asyncio/runners.py:118: in run
    return self._loop.run_until_complete(task)
           ^^^^^^^^^^^^^^^^^^^^^^^^^^^^^^^^^^^
/usr/local/lib/python3.11/asyncio/base_events.py:654: in run_until_complete
    return future.result()
           ^^^^^^^^^^^^^^^
backend/tests/test_iteration40_templates_projection.py:288: in scenario
    assert row.get("rotation_alert_attempts") == 3
E   AssertionError: assert 1 == 3
E    +  where 1 = &lt;built-in method get of dict object at 0xf8e25ecb5d40&gt;('rotation_alert_attempts')
E    +    where &lt;built-in method get of dict object at 0xf8e25ecb5d40&gt; = {'_id': ObjectId('6a72898fbc9073d341448bc6'), 'user_id': 'iter40-cap-833238', 'provider': 'openai', 'created_at': '2026-08-05T00:53:35.663635+00:00', ...}.get</failure></testcase><testcase classname="backend.tests.test_iteration40_templates_projection.TestRegression" name="test_config_redaction" time="0.142" /><testcase classname="backend.tests.test_iteration40_templates_projection.TestRegression" name="test_health_endpoint" time="0.107" /><testcase classname="backend.tests.test_iteration40_templates_projection.TestRegression" name="test_usage_daily_still_works" time="0.135" /></testsuite></testsuites>