<?xml version="1.0" encoding="utf-8"?><testsuites name="pytest tests"><testsuite name="pytest" errors="0" failures="1" skipped="0" tests="13" time="9.864" timestamp="2026-06-30T22:45:08.788664+00:00" hostname="agent-env-43062f40-4ac6-412b-9a4b-e2b3ff7e5c95"><testcase classname="backend.tests.test_iteration21_user_keys.TestUserKeysStatus" name="test_status_baseline" time="0.315" /><testcase classname="backend.tests.test_iteration21_user_keys.TestUserKeysStatus" name="test_status_requires_auth" time="0.155" /><testcase classname="backend.tests.test_iteration21_user_keys.TestVerify" name="test_verify_fal_valid" time="6.129" /><testcase classname="backend.tests.test_iteration21_user_keys.TestVerify" name="test_verify_fal_bogus" time="0.509" /><testcase classname="backend.tests.test_iteration21_user_keys.TestVerify" name="test_verify_elevenlabs_fake" time="0.187" /><testcase classname="backend.tests.test_iteration21_user_keys.TestVerify" name="test_verify_did_fake" time="0.537" /><testcase classname="backend.tests.test_iteration21_user_keys.TestVerify" name="test_verify_empty_key" time="0.104" /><testcase classname="backend.tests.test_iteration21_user_keys.TestVerify" name="test_verify_unknown_service" time="0.117" /><testcase classname="backend.tests.test_iteration21_user_keys.TestAvatarStudioApiKey" name="test_put_get_delete_fal_key" time="0.676" /><testcase classname="backend.tests.test_iteration21_user_keys.TestPerServiceSaveEndpoints" name="test_voice_clone_key_save_clear" time="0.098"><failure message="AssertionError: {&quot;detail&quot;:&quot;Not Found&quot;}&#10;assert 404 == 200&#10; +  where 404 = &lt;Response [404]&gt;.status_code">backend/tests/test_iteration21_user_keys.py:198: in test_voice_clone_key_save_clear
    assert r.status_code == 200, r.text
E   AssertionError: {"detail":"Not Found"}
E   assert 404 == 200
E    +  where 404 = &lt;Response [404]&gt;.status_code</failure></testcase><testcase classname="backend.tests.test_iteration21_user_keys.TestPerServiceSaveEndpoints" name="test_avatar_did_key_save_clear" time="0.427" /><testcase classname="backend.tests.test_iteration21_user_keys.TestAvatarStudioMe" name="test_me_baseline" time="0.109" /><testcase classname="backend.tests.test_iteration21_user_keys.TestEnhanceHybrid" name="test_enhance_with_user_key_returns_404_for_bad_image_id" time="0.362" /></testsuite></testsuites>