<?xml version="1.0" encoding="utf-8"?><testsuites name="pytest tests"><testsuite name="pytest" errors="0" failures="0" skipped="0" tests="3" time="14.838" timestamp="2026-07-10T06:35:43.619683+00:00" hostname="agent-env-43062f40-4ac6-412b-9a4b-e2b3ff7e5c95"><testcase classname="tests.test_iteration24_screenshot_endpoint" name="test_companion_screenshot_upload" time="0.217" /><testcase classname="tests.test_iteration24_screenshot_endpoint" name="test_companion_screenshot_requires_auth" time="0.134" /><testcase classname="tests.test_iteration24_pc_tools" name="test_pc_control_tools_full_round_trip" time="14.086" /></testsuite></testsuites>