<?xml version="1.0" encoding="utf-8"?><testsuites name="pytest tests"><testsuite name="pytest" errors="0" failures="0" skipped="0" tests="8" time="2.271" timestamp="2026-07-30T21:12:28.570827+00:00" hostname="agent-env-43062f40-4ac6-412b-9a4b-e2b3ff7e5c95"><testcase classname="backend.tests.test_iteration30_magic_link.TestMagicLinkFlow" name="test_consume_magic_link_returns_user_and_sets_cookie" time="0.426" /><testcase classname="backend.tests.test_iteration30_magic_link.TestMagicLinkFlow" name="test_cookie_alone_authenticates_me" time="0.286" /><testcase classname="backend.tests.test_iteration30_magic_link.TestMagicLinkFlow" name="test_cookie_alone_hits_protected_endpoints" time="0.407" /><testcase classname="backend.tests.test_iteration30_magic_link.TestMagicLinkFlow" name="test_magic_link_cannot_be_reused" time="0.277" /><testcase classname="backend.tests.test_iteration30_magic_link.TestMagicLinkFlow" name="test_invalid_magic_token" time="0.112" /><testcase classname="backend.tests.test_iteration30_magic_link.TestMagicLinkFlow" name="test_malformed_magic_token" time="0.118" /><testcase classname="backend.tests.test_iteration30_magic_link.TestAuthMeRegression" name="test_me_unauthenticated_returns_401" time="0.111" /><testcase classname="backend.tests.test_iteration30_magic_link.TestAuthMeRegression" name="test_protected_endpoints_unauth_401" time="0.392" /></testsuite></testsuites>