<?xml version="1.0" encoding="utf-8"?><testsuites name="pytest tests"><testsuite name="pytest" errors="0" failures="0" skipped="0" tests="17" time="25.013" timestamp="2026-06-27T02:08:09.805115+00:00" hostname="agent-env-43062f40-4ac6-412b-9a4b-e2b3ff7e5c95"><testcase classname="backend.tests.test_iteration10_new_features" name="test_auth_me" time="0.201" /><testcase classname="backend.tests.test_iteration10_new_features" name="test_personality_profile_generates" time="0.050" /><testcase classname="backend.tests.test_iteration10_new_features" name="test_personality_profile_cached_on_second_call" time="0.046" /><testcase classname="backend.tests.test_iteration10_new_features" name="test_personality_refresh_regenerates" time="12.382" /><testcase classname="backend.tests.test_iteration10_new_features" name="test_nudge_today_creates" time="4.865" /><testcase classname="backend.tests.test_iteration10_new_features" name="test_nudge_today_idempotent" time="0.047" /><testcase classname="backend.tests.test_iteration10_new_features" name="test_nudge_dismiss" time="0.052" /><testcase classname="backend.tests.test_iteration10_new_features" name="test_nudge_history" time="0.047" /><testcase classname="backend.tests.test_iteration10_new_features" name="test_archive_ask_returns_answer_with_citations" time="2.697" /><testcase classname="backend.tests.test_iteration10_new_features" name="test_archive_ask_empty_archive" time="0.265" /><testcase classname="backend.tests.test_iteration10_new_features" name="test_set_safe_topics" time="0.048" /><testcase classname="backend.tests.test_iteration10_new_features" name="test_safe_topics_persist_in_me" time="0.044" /><testcase classname="backend.tests.test_iteration10_new_features" name="test_twin_respects_safe_topics" time="4.050" /><testcase classname="backend.tests.test_iteration10_new_features" name="test_user_b_cannot_see_a_nudges" time="0.050" /><testcase classname="backend.tests.test_iteration10_new_features" name="test_user_b_safe_topics_isolated" time="0.053" /><testcase classname="backend.tests.test_iteration10_new_features" name="test_user_b_personality_isolated" time="0.046" /><testcase classname="backend.tests.test_iteration10_new_features" name="test_b_cannot_patch_a_nudge" time="0.047" /></testsuite></testsuites>