<?xml version="1.0" encoding="utf-8"?><testsuites name="pytest tests"><testsuite name="pytest" errors="0" failures="0" skipped="0" tests="18" time="5.221" timestamp="2026-06-27T04:48:13.834532+00:00" hostname="agent-env-43062f40-4ac6-412b-9a4b-e2b3ff7e5c95"><testcase classname="tests.test_iteration11_music_memory" name="test_music_providers_list" time="0.133" /><testcase classname="tests.test_iteration11_music_memory" name="test_preference_persist_and_unknown_rejected" time="0.305" /><testcase classname="tests.test_iteration11_music_memory" name="test_play_uses_pref_and_override" time="0.210" /><testcase classname="tests.test_iteration11_music_memory" name="test_play_queues_command_when_device_registered" time="0.388" /><testcase classname="tests.test_iteration11_music_memory" name="test_twin_message_music_shortcircuit_is_fast" time="0.309" /><testcase classname="tests.test_iteration11_music_memory" name="test_music_intent_detector[I used to play guitar-None]" time="0.234" /><testcase classname="tests.test_iteration11_music_memory" name="test_music_intent_detector[play video games-None]" time="0.000" /><testcase classname="tests.test_iteration11_music_memory" name="test_music_intent_detector[play the news-None]" time="0.000" /><testcase classname="tests.test_iteration11_music_memory" name="test_music_intent_detector[remind me to play tennis-None]" time="0.000" /><testcase classname="tests.test_iteration11_music_memory" name="test_music_intent_detector[put on rain sounds-rain sounds]" time="0.000" /><testcase classname="tests.test_iteration11_music_memory" name="test_music_intent_detector[queue up Daft Punk-Daft Punk]" time="0.000" /><testcase classname="tests.test_iteration11_music_memory" name="test_music_intent_detector[play song Bohemian Rhapsody-Bohemian Rhapsody]" time="0.000" /><testcase classname="tests.test_iteration11_music_memory" name="test_music_intent_detector[play me some Pink Floyd-Pink Floyd]" time="0.000" /><testcase classname="tests.test_iteration11_music_memory" name="test_memory_facts_empty_then_extract" time="2.779" /><testcase classname="tests.test_iteration11_music_memory" name="test_memory_facts_caching" time="0.191" /><testcase classname="tests.test_iteration11_music_memory" name="test_delete_fact" time="0.294" /><testcase classname="tests.test_iteration11_music_memory" name="test_episodes_empty_initially" time="0.092" /><testcase classname="tests.test_iteration11_music_memory" name="test_multi_user_isolation" time="0.238" /></testsuite></testsuites>