<?xml version="1.0" encoding="utf-8"?><testsuites name="pytest tests"><testsuite name="pytest" errors="0" failures="0" skipped="0" tests="13" time="2.077" timestamp="2026-08-05T00:56:23.918619+00:00" hostname="agent-env-43062f40-4ac6-412b-9a4b-e2b3ff7e5c95"><testcase classname="backend.tests.test_iteration40_templates_projection.TestTemplatesList" name="test_returns_5_presets" time="0.144" /><testcase classname="backend.tests.test_iteration40_templates_projection.TestTemplatesList" name="test_shape" time="0.112" /><testcase classname="backend.tests.test_iteration40_templates_projection.TestTemplatesList" name="test_balanced_content" time="0.179" /><testcase classname="backend.tests.test_iteration40_templates_projection.TestApplyTemplate" name="test_unknown_400" time="0.147" /><testcase classname="backend.tests.test_iteration40_templates_projection.TestApplyTemplate" name="test_apply_balanced_updates_routes" time="0.098" /><testcase classname="backend.tests.test_iteration40_templates_projection.TestApplyTemplate" name="test_warnings_for_disabled_providers" time="0.266" /><testcase classname="backend.tests.test_iteration40_templates_projection.TestApplyTemplate" name="test_preserves_keys_enabled_and_budget" time="0.215" /><testcase classname="backend.tests.test_iteration40_templates_projection.TestUsageProjection" name="test_empty_fresh_user" time="0.107" /><testcase classname="backend.tests.test_iteration40_templates_projection.TestUsageProjection" name="test_math" time="0.118" /><testcase classname="backend.tests.test_iteration40_templates_projection.TestRotationAlertRetryCap" name="test_cap_at_3_and_reset_on_green" time="0.362" /><testcase classname="backend.tests.test_iteration40_templates_projection.TestRegression" name="test_config_redaction" time="0.109" /><testcase classname="backend.tests.test_iteration40_templates_projection.TestRegression" name="test_health_endpoint" time="0.099" /><testcase classname="backend.tests.test_iteration40_templates_projection.TestRegression" name="test_usage_daily_still_works" time="0.098" /></testsuite></testsuites>