<?xml version="1.0" encoding="utf-8"?><testsuites name="pytest tests"><testsuite name="pytest" errors="0" failures="0" skipped="0" tests="6" time="17.767" timestamp="2026-07-17T22:24:58.396037+00:00" hostname="agent-env-43062f40-4ac6-412b-9a4b-e2b3ff7e5c95"><testcase classname="tests.test_iteration29_regression" name="test_agent_kinds_requires_auth" time="0.109" /><testcase classname="tests.test_iteration29_regression" name="test_agent_plan_open_url_and_set_volume" time="4.006" /><testcase classname="tests.test_iteration29_regression" name="test_agent_full_lifecycle_via_companion" time="4.937" /><testcase classname="tests.test_iteration29_regression" name="test_agent_plan_no_companion_notify_only" time="5.377" /><testcase classname="tests.test_iteration29_regression" name="test_agent_reject_step_and_cancel" time="3.016" /><testcase classname="tests.test_iteration29_regression" name="test_adjacent_regression_smoke" time="0.165" /></testsuite></testsuites>