<?xml version="1.0" encoding="utf-8"?><testsuites name="pytest tests"><testsuite name="pytest" errors="0" failures="0" skipped="0" tests="6" time="10.096" timestamp="2026-07-13T04:38:09.617255+00:00" hostname="agent-env-43062f40-4ac6-412b-9a4b-e2b3ff7e5c95"><testcase classname="backend.tests.test_iteration28_letters" name="test_letters_list" time="0.236" /><testcase classname="backend.tests.test_iteration28_letters" name="test_letters_full_crud" time="0.237" /><testcase classname="backend.tests.test_iteration28_letters" name="test_assist_empty_notes" time="0.048" /><testcase classname="backend.tests.test_iteration28_letters" name="test_assist_success" time="8.953" /><testcase classname="backend.tests.test_iteration28_letters" name="test_run_delivery_shape_no_due" time="0.052" /><testcase classname="backend.tests.test_iteration28_letters" name="test_run_delivery_considers_due_letter" time="0.535" /></testsuite></testsuites>