<?xml version="1.0" encoding="utf-8"?><testsuites name="pytest tests"><testsuite name="pytest" errors="0" failures="0" skipped="0" tests="4" time="13.316" timestamp="2026-07-12T22:53:12.738446+00:00" hostname="agent-env-43062f40-4ac6-412b-9a4b-e2b3ff7e5c95"><testcase classname="tests.test_iteration27_full" name="test_activity_feed_redacts_type_text_and_clipboard" time="0.603" /><testcase classname="tests.test_iteration27_full" name="test_cancel_lifecycle_and_result_ignored" time="0.705" /><testcase classname="tests.test_iteration27_full" name="test_photo_story_image_endpoint" time="4.906" /><testcase classname="tests.test_iteration27_full" name="test_photo_story_compose_and_archive" time="7.069" /></testsuite></testsuites>