<?xml version="1.0" encoding="utf-8"?><testsuites name="pytest tests"><testsuite name="pytest" errors="0" failures="2" skipped="1" tests="7" time="0.571" timestamp="2026-08-03T14:38:24.936306+00:00" hostname="agent-env-43062f40-4ac6-412b-9a4b-e2b3ff7e5c95"><testcase classname="tests.test_iteration32_semantic_extra" name="test_status_shape_no_provider" time="0.051" /><testcase classname="tests.test_iteration32_semantic_extra" name="test_embed_400_no_provider" time="0.076" /><testcase classname="tests.test_iteration32_semantic_extra" name="test_search_fallback_no_provider_returns_matches" time="0.035" /><testcase classname="tests.test_iteration32_semantic_extra" name="test_search_no_index_fallback_when_provider_configured_but_no_vectors" time="0.058"><failure message="AssertionError: expected reason=no_index got {'mode': 'keyword', 'reason': 'embed_failed', 'results': [{'entry_id': 'e-fbe64d', 'type': 'memory', 'title': &quot;My father's temper&quot;, 'content': 'Dad slammed doors.', 'tags': ['family', 'dad'], 'created_at': '2026-08-03T14:38:25.266038+00:00'}]}&#10;assert 'embed_failed' == 'no_index'&#10;  &#10;  - no_index&#10;  + embed_failed">tests/test_iteration32_semantic_extra.py:132: in test_search_no_index_fallback_when_provider_configured_but_no_vectors
    assert d["reason"] == "no_index", f"expected reason=no_index got {d}"
E   AssertionError: expected reason=no_index got {'mode': 'keyword', 'reason': 'embed_failed', 'results': [{'entry_id': 'e-fbe64d', 'type': 'memory', 'title': "My father's temper", 'content': 'Dad slammed doors.', 'tags': ['family', 'dad'], 'created_at': '2026-08-03T14:38:25.266038+00:00'}]}
E   assert 'embed_failed' == 'no_index'
E     
E     - no_index
E     + embed_failed</failure></testcase><testcase classname="tests.test_iteration32_semantic_extra" name="test_twin_tools_keyword_regression" time="0.032"><failure message="AssertionError: {&quot;detail&quot;:[{&quot;type&quot;:&quot;missing&quot;,&quot;loc&quot;:[&quot;body&quot;,&quot;conversation_id&quot;],&quot;msg&quot;:&quot;Field required&quot;,&quot;input&quot;:{&quot;message&quot;:&quot;search my archive for temper&quot;},&quot;url&quot;:&quot;https://errors.pydantic.dev/2.13/v/missing&quot;}]}&#10;assert 422 in (200, 400, 402)&#10; +  where 422 = &lt;Response [422 Unprocessable Entity]&gt;.status_code">tests/test_iteration32_semantic_extra.py:148: in test_twin_tools_keyword_regression
    assert r.status_code in (200, 400, 402), r.text
E   AssertionError: {"detail":[{"type":"missing","loc":["body","conversation_id"],"msg":"Field required","input":{"message":"search my archive for temper"},"url":"https://errors.pydantic.dev/2.13/v/missing"}]}
E   assert 422 in (200, 400, 402)
E    +  where 422 = &lt;Response [422 Unprocessable Entity]&gt;.status_code</failure></testcase><testcase classname="tests.test_iteration32_semantic_extra" name="test_adjacent_regressions_still_work" time="0.118" /><testcase classname="tests.test_iteration32_semantic_extra" name="test_roadmap_public_page_loads" time="0.001"><skipped type="pytest.skip" message="no public url">/app/backend/tests/test_iteration32_semantic_extra.py:170: no public url</skipped></testcase></testsuite></testsuites>