<?xml version="1.0" encoding="utf-8"?><testsuites name="pytest tests"><testsuite name="pytest" errors="0" failures="0" skipped="0" tests="19" time="13.926" timestamp="2026-06-27T05:05:40.218090+00:00" hostname="agent-env-43062f40-4ac6-412b-9a4b-e2b3ff7e5c95"><testcase classname="tests.test_iteration12_billing_skills.TestBilling" name="test_packages" time="0.156" /><testcase classname="tests.test_iteration12_billing_skills.TestBilling" name="test_checkout_creates_session_and_txn" time="0.605" /><testcase classname="tests.test_iteration12_billing_skills.TestBilling" name="test_checkout_invalid_package" time="0.147" /><testcase classname="tests.test_iteration12_billing_skills.TestBilling" name="test_checkout_bad_email" time="0.096" /><testcase classname="tests.test_iteration12_billing_skills.TestBilling" name="test_status_unpaid" time="0.891" /><testcase classname="tests.test_iteration12_billing_skills.TestFulfillment" name="test_download_returns_personalized_zip" time="0.140" /><testcase classname="tests.test_iteration12_billing_skills.TestFulfillment" name="test_download_invalid_token" time="0.206" /><testcase classname="tests.test_iteration12_billing_skills.TestFulfillment" name="test_download_expired" time="0.108" /><testcase classname="tests.test_iteration12_billing_skills.TestFulfillment" name="test_download_exhausted_after_5_uses" time="0.614" /><testcase classname="tests.test_iteration12_billing_skills.TestFulfillment" name="test_magic_link_consume_and_burn" time="0.194" /><testcase classname="tests.test_iteration12_billing_skills.TestFulfillment" name="test_magic_link_invalid_format" time="0.098" /><testcase classname="tests.test_iteration12_billing_skills.TestFulfillment" name="test_magic_link_unknown" time="0.097" /><testcase classname="tests.test_iteration12_billing_skills.TestSkills" name="test_create_skill_with_triggers" time="0.290" /><testcase classname="tests.test_iteration12_billing_skills.TestTwinAutoSkill" name="test_auto_skill_fires_short_circuit" time="1.107" /><testcase classname="tests.test_iteration12_billing_skills.TestTwinAutoSkill" name="test_case_insensitive_substring" time="2.289" /><testcase classname="tests.test_iteration12_billing_skills.TestTwinAutoSkill" name="test_short_triggers_ignored" time="1.789" /><testcase classname="tests.test_iteration12_billing_skills.TestTwinAutoSkill" name="test_disabled_skill_not_invoked" time="3.178" /><testcase classname="tests.test_iteration12_billing_skills.TestTwinAutoSkill" name="test_music_intent_wins_over_skill" time="0.380" /><testcase classname="tests.test_iteration12_billing_skills.TestTwinAutoSkill" name="test_multi_user_isolation" time="1.447" /></testsuite></testsuites>