<?xml version="1.0" encoding="utf-8"?><testsuites name="pytest tests"><testsuite name="pytest" errors="0" failures="0" skipped="0" tests="9" time="15.372" timestamp="2026-07-10T04:35:34.399812+00:00" hostname="agent-env-43062f40-4ac6-412b-9a4b-e2b3ff7e5c95"><testcase classname="backend.tests.test_iteration23_persistence_avatar.TestTwinHeuristic" name="test_open_ended_opinion_no_tools" time="5.130" /><testcase classname="backend.tests.test_iteration23_persistence_avatar.TestTwinHeuristic" name="test_greeting_no_tools" time="1.453" /><testcase classname="backend.tests.test_iteration23_persistence_avatar.TestTwinHeuristic" name="test_specific_factual_owner_past_triggers_search" time="6.779" /><testcase classname="backend.tests.test_iteration23_persistence_avatar.TestTwinHeuristic" name="test_twin_start_returns_same_conv_when_id_passed" time="0.243" /><testcase classname="backend.tests.test_iteration23_persistence_avatar.TestAvatarStudio" name="test_upload_front" time="0.356" /><testcase classname="backend.tests.test_iteration23_persistence_avatar.TestAvatarStudio" name="test_me_returns_uploaded" time="0.100" /><testcase classname="backend.tests.test_iteration23_persistence_avatar.TestAvatarStudio" name="test_serve_url_returns_image_bytes" time="0.371" /><testcase classname="backend.tests.test_iteration23_persistence_avatar.TestAvatarStudio" name="test_use_sets_active" time="0.314" /><testcase classname="backend.tests.test_iteration23_persistence_avatar.TestAvatarStudio" name="test_enhance_returns_clean_400_with_fal_detail" time="0.475" /></testsuite></testsuites>