<?xml version="1.0" encoding="utf-8"?><testsuites name="pytest tests"><testsuite name="pytest" errors="0" failures="0" skipped="0" tests="50" time="67.809" timestamp="2026-06-25T03:32:28.940418+00:00" hostname="agent-env-43062f40-4ac6-412b-9a4b-e2b3ff7e5c95"><testcase classname="tests.backend_test.TestAuth" name="test_me_with_bearer" time="0.227" /><testcase classname="tests.backend_test.TestAuth" name="test_me_unauthorized" time="0.167" /><testcase classname="tests.backend_test.TestAuth" name="test_me_invalid_token" time="0.139" /><testcase classname="tests.backend_test.TestAuth" name="test_root" time="0.097" /><testcase classname="tests.backend_test.TestArchive" name="test_create_entry" time="0.119" /><testcase classname="tests.backend_test.TestArchive" name="test_get_entry" time="0.100" /><testcase classname="tests.backend_test.TestArchive" name="test_list_entries" time="0.136" /><testcase classname="tests.backend_test.TestArchive" name="test_filter_by_type" time="0.128" /><testcase classname="tests.backend_test.TestArchive" name="test_search_q" time="0.101" /><testcase classname="tests.backend_test.TestArchive" name="test_update_entry" time="0.144" /><testcase classname="tests.backend_test.TestArchive" name="test_get_404" time="0.107" /><testcase classname="tests.backend_test.TestArchive" name="test_create_bad_payload" time="0.104" /><testcase classname="tests.backend_test.TestArchive" name="test_unauthorized_create" time="0.097" /><testcase classname="tests.backend_test.TestArchive" name="test_delete_entry" time="0.226" /><testcase classname="tests.backend_test.TestDashboard" name="test_dashboard_shape" time="0.106" /><testcase classname="tests.backend_test.TestDashboard" name="test_dashboard_counts_increment" time="0.210" /><testcase classname="tests.backend_test.TestInterviewer" name="test_seed_questions" time="0.101" /><testcase classname="tests.backend_test.TestInterviewer" name="test_start_conversation" time="0.149" /><testcase classname="tests.backend_test.TestInterviewer" name="test_stream_message" time="2.055" /><testcase classname="tests.backend_test.TestInterviewer" name="test_get_conversation" time="0.104" /><testcase classname="tests.backend_test.TestInterviewer" name="test_save_turn" time="0.139" /><testcase classname="tests.backend_test.TestTwin" name="test_start" time="0.116" /><testcase classname="tests.backend_test.TestTwin" name="test_twin_stream" time="2.997" /><testcase classname="tests.backend_test.TestTwin" name="test_list_and_fetch" time="0.193" /><testcase classname="tests.backend_test.TestVoice" name="test_tts" time="1.685" /><testcase classname="tests.backend_test.TestVoice" name="test_tts_empty_text_400" time="0.096" /><testcase classname="tests.backend_test.TestVoice" name="test_transcribe_empty_audio" time="0.112" /><testcase classname="tests.backend_test.TestImport" name="test_import_with_auto_extract" time="7.481" /><testcase classname="tests.backend_test.TestImport" name="test_import_list" time="36.089" /><testcase classname="tests.backend_test.TestImport" name="test_import_empty_400" time="0.161" /><testcase classname="tests.backend_test.TestSkills" name="test_create_skill" time="0.122" /><testcase classname="tests.backend_test.TestSkills" name="test_list_skills" time="0.106" /><testcase classname="tests.backend_test.TestSkills" name="test_update_skill" time="0.097" /><testcase classname="tests.backend_test.TestSkills" name="test_invoke_skill" time="4.424" /><testcase classname="tests.backend_test.TestSkills" name="test_dashboard_skill_count" time="0.112" /><testcase classname="tests.backend_test.TestSkills" name="test_delete_skill" time="0.125" /><testcase classname="tests.backend_test.TestHeirs" name="test_add_heir" time="0.115" /><testcase classname="tests.backend_test.TestHeirs" name="test_list_heirs" time="0.097" /><testcase classname="tests.backend_test.TestHeirs" name="test_update_heir" time="0.108" /><testcase classname="tests.backend_test.TestHeirs" name="test_dashboard_heirs_count" time="0.109" /><testcase classname="tests.backend_test.TestHeirs" name="test_delete_heir" time="0.099" /><testcase classname="tests.backend_test.TestIsolation" name="test_user2_cannot_see_user1_entries" time="0.112" /><testcase classname="tests.backend_test.TestIsolation" name="test_user2_dashboard_isolated" time="0.103" /><testcase classname="tests.backend_test.TestIsolation" name="test_user2_cannot_get_user1_entry" time="7.400" /><testcase classname="tests.backend_test.TestIsolation" name="test_user2_cannot_get_user1_conversation" time="0.232" /><testcase classname="tests.backend_test.TestErrors" name="test_dashboard_unauth" time="0.097" /><testcase classname="tests.backend_test.TestErrors" name="test_archive_unauth" time="0.092" /><testcase classname="tests.backend_test.TestErrors" name="test_heir_bad_email" time="0.099" /><testcase classname="tests.backend_test.TestErrors" name="test_skill_update_no_fields" time="0.229" /><testcase classname="tests.backend_test.TestErrors" name="test_interviewer_message_404" time="0.096" /></testsuite></testsuites>